        -:    0:Source:C:/Projects/fac/OOP/CheltuieliFamilie/Cheltuiala.c
        -:    0:Graph:C:\Projects\fac\OOP\CheltuieliFamilie\cmake-build-debug-coverage\CMakeFiles\CheltuieliFamilie.dir\Cheltuiala.c.gcno
        -:    0:Data:C:\Projects\fac\OOP\CheltuieliFamilie\cmake-build-debug-coverage\CMakeFiles\CheltuieliFamilie.dir\Cheltuiala.c.gcda
        -:    0:Runs:1
        -:    1:#include <string.h>
        -:    2:#include <stdlib.h>
        -:    3:#include "Cheltuiala.h"
        -:    4:
function formareCheltuiala called 43 returned 100% blocks executed 100%
       43:    5:Cheltuiala * formareCheltuiala(int zi, int suma, char* tip)
        -:    6:{
       43:    7:    Cheltuiala* c = malloc(sizeof(Cheltuiala));
        -:    8:
       43:    9:	c->zi = zi;
       43:   10:	c->suma = suma;
        -:   11:
       43:   12:	int alocare = (int)strlen(tip) + 1;
       43:   13:	c->tip = malloc(alocare * sizeof(char));
       43:   14:	strcpy(c->tip, tip);
        -:   15:
       43:   16:	return c;
       43:   16-block  0
        -:   17:}
        -:   18:
function copiereCheltuiala called 9 returned 100% blocks executed 100%
        9:   19:Cheltuiala * copiereCheltuiala(Cheltuiala *c)
        -:   20:{
        9:   21:	return formareCheltuiala(c->zi, c->suma, c->tip);
        9:   21-block  0
call    0 returned 9
        -:   22:}
        -:   23:
function distrugereCheltuiala called 43 returned 100% blocks executed 100%
       43:   24:void distrugereCheltuiala(void* elem)
        -:   25:{
       43:   26:    Cheltuiala* c = elem;
       43:   27:	c->zi = -1;
       43:   28:	c->suma = -1;
       43:   29:	free(c->tip);
       43:   30:	free(elem);
       43:   31:}
